2015-10-12 09:45:27,729 [http-bio-8080-exec-9] ERROR StackTrace  - Full Stack Trace:
grails.validation.ValidationException: Validation Error(s) occurred during save():
- Field error in object 'practicagroovygrails1.Persona' on field 'email': rejected value [sdf]; codes [practicagroovygrails1.Persona.email.email.error.practicagroovygrails1.Persona.email,practicagroovygrails1.Persona.email.email.error.email,practicagroovygrails1.Persona.email.email.error.java.lang.String,practicagroovygrails1.Persona.email.email.error,persona.email.email.error.practicagroovygrails1.Persona.email,persona.email.email.error.email,persona.email.email.error.java.lang.String,persona.email.email.error,practicagroovygrails1.Persona.email.email.invalid.practicagroovygrails1.Persona.email,practicagroovygrails1.Persona.email.email.invalid.email,practicagroovygrails1.Persona.email.email.invalid.java.lang.String,practicagroovygrails1.Persona.email.email.invalid,persona.email.email.invalid.practicagroovygrails1.Persona.email,persona.email.email.invalid.email,persona.email.email.invalid.java.lang.String,persona.email.email.invalid,email.invalid.practicagroovygrails1.Persona.email,email.invalid.email,email.invalid.java.lang.String,email.invalid]; arguments [email,class practicagroovygrails1.Persona,sdf]; default message [La propiedad [{0}] de la clase [{1}] con valor [{2}] no es una dirección de correo electrónico válida]

	at org.codehaus.groovy.grails.orm.hibernate.metaclass.AbstractSavePersistentMethod.doInvokeInternal(AbstractSavePersistentMethod.java:190)
	at org.codehaus.groovy.grails.orm.hibernate.metaclass.AbstractDynamicPersistentMethod.invoke(AbstractDynamicPersistentMethod.java:63)
	at org.codehaus.groovy.grails.orm.hibernate.HibernateGormInstanceApi.save(HibernateGormInstanceApi.groovy:196)
	at practicagroovygrails1.Persona.save(Persona.groovy)
	at practicagroovygrails1.Persona$save$0.call(Unknown Source)
	at org.codehaus.groovy.runtime.callsite.CallSiteArray.defaultCall(CallSiteArray.java:45)
	at org.codehaus.groovy.runtime.callsite.AbstractCallSite.call(AbstractCallSite.java:108)
	at org.codehaus.groovy.runtime.callsite.AbstractCallSite.call(AbstractCallSite.java:116)
	at practicagroovygrails1.PersonaService.$tt__guardarPersona(PersonaService.groovy:25)
	at practicagroovygrails1.PersonaService$_guardarPersona_closure1.doCall(PersonaService.groovy)
	at sun.reflect.NativeMethodAccessorImpl.invoke0(Native Method)
	at sun.reflect.NativeMethodAccessorImpl.invoke(NativeMethodAccessorImpl.java:57)
	at sun.reflect.DelegatingMethodAccessorImpl.invoke(DelegatingMethodAccessorImpl.java:43)
	at java.lang.reflect.Method.invoke(Method.java:606)
	at org.springsource.loaded.ri.ReflectiveInterceptor.jlrMethodInvoke(ReflectiveInterceptor.java:1270)
	at org.codehaus.groovy.reflection.CachedMethod.invoke(CachedMethod.java:90)
	at groovy.lang.MetaMethod.doMethodInvoke(MetaMethod.java:233)
	at groovy.lang.MetaClassImpl.invokeMethod(MetaClassImpl.java:1086)
	at groovy.lang.ExpandoMetaClass.invokeMethod(ExpandoMetaClass.java:1110)
	at groovy.lang.MetaClassImpl.invokeMethod(MetaClassImpl.java:910)
	at groovy.lang.Closure.call(Closure.java:411)
	at practicagroovygrails1.PersonaService$_guardarPersona_closure1.call(PersonaService.groovy)
	at groovy.lang.Closure.call(Closure.java:427)
	at practicagroovygrails1.PersonaService$_guardarPersona_closure1.call(PersonaService.groovy)
	at org.codehaus.groovy.grails.orm.support.GrailsTransactionTemplate$1.doInTransaction(GrailsTransactionTemplate.groovy:62)
	at org.springframework.transaction.support.TransactionTemplate.execute(TransactionTemplate.java:131)
	at org.codehaus.groovy.grails.orm.support.GrailsTransactionTemplate.execute(GrailsTransactionTemplate.groovy:59)
	at practicagroovygrails1.PersonaService.guardarPersona(PersonaService.groovy)
	at practicagroovygrails1.PersonaService$guardarPersona$0.call(Unknown Source)
	at org.codehaus.groovy.runtime.callsite.CallSiteArray.defaultCall(CallSiteArray.java:45)
	at org.codehaus.groovy.runtime.callsite.AbstractCallSite.call(AbstractCallSite.java:108)
	at org.codehaus.groovy.runtime.callsite.AbstractCallSite.call(AbstractCallSite.java:116)
	at practicagroovygrails1.PersonaController.guardar(PersonaController.groovy:19)
	at sun.reflect.NativeMethodAccessorImpl.invoke0(Native Method)
	at sun.reflect.NativeMethodAccessorImpl.invoke(NativeMethodAccessorImpl.java:57)
	at sun.reflect.DelegatingMethodAccessorImpl.invoke(DelegatingMethodAccessorImpl.java:43)
	at java.lang.reflect.Method.invoke(Method.java:606)
	at org.springsource.loaded.ri.ReflectiveInterceptor.jlrMethodInvoke(ReflectiveInterceptor.java:1270)
	at org.codehaus.groovy.grails.web.servlet.mvc.MixedGrailsControllerHelper.invoke(MixedGrailsControllerHelper.java:154)
	at org.codehaus.groovy.grails.web.servlet.mvc.AbstractGrailsControllerHelper.handleAction(AbstractGrailsControllerHelper.java:354)
	at org.codehaus.groovy.grails.web.servlet.mvc.AbstractGrailsControllerHelper.executeAction(AbstractGrailsControllerHelper.java:231)
	at org.codehaus.groovy.grails.web.servlet.mvc.AbstractGrailsControllerHelper.handleURI(AbstractGrailsControllerHelper.java:197)
	at org.codehaus.groovy.grails.web.servlet.mvc.AbstractGrailsControllerHelper.handleURI(AbstractGrailsControllerHelper.java:121)
	at org.codehaus.groovy.grails.web.servlet.mvc.SimpleGrailsController.handleRequest(SimpleGrailsController.java:72)
	at org.springframework.web.servlet.mvc.SimpleControllerHandlerAdapter.handle(SimpleControllerHandlerAdapter.java:48)
	at org.codehaus.groovy.grails.web.servlet.GrailsDispatcherServlet.doDispatch(GrailsDispatcherServlet.java:355)
	at org.springframework.web.servlet.DispatcherServlet.doService(DispatcherServlet.java:851)
	at org.springframework.web.servlet.FrameworkServlet.processRequest(FrameworkServlet.java:953)
	at org.springframework.web.servlet.FrameworkServlet.doPost(FrameworkServlet.java:855)
	at javax.servlet.http.HttpServlet.service(HttpServlet.java:646)
	at org.springframework.web.servlet.FrameworkServlet.service(FrameworkServlet.java:829)
	at javax.servlet.http.HttpServlet.service(HttpServlet.java:727)
	at org.apache.catalina.core.ApplicationFilterChain.internalDoFilter(ApplicationFilterChain.java:303)
	at org.apache.catalina.core.ApplicationFilterChain.doFilter(ApplicationFilterChain.java:208)
	at org.apache.tomcat.websocket.server.WsFilter.doFilter(WsFilter.java:52)
	at org.apache.catalina.core.ApplicationFilterChain.internalDoFilter(ApplicationFilterChain.java:241)
	at org.apache.catalina.core.ApplicationFilterChain.doFilter(ApplicationFilterChain.java:208)
	at grails.plugin.cache.web.filter.PageFragmentCachingFilter.doFilter(PageFragmentCachingFilter.java:198)
	at grails.plugin.cache.web.filter.AbstractFilter.doFilter(AbstractFilter.java:63)
	at org.springframework.web.filter.DelegatingFilterProxy.invokeDelegate(DelegatingFilterProxy.java:343)
	at org.springframework.web.filter.DelegatingFilterProxy.doFilter(DelegatingFilterProxy.java:260)
	at org.apache.catalina.core.ApplicationFilterChain.internalDoFilter(ApplicationFilterChain.java:241)
	at org.apache.catalina.core.ApplicationFilterChain.doFilter(ApplicationFilterChain.java:208)
	at org.springframework.web.filter.OncePerRequestFilter.doFilter(OncePerRequestFilter.java:100)
	at org.apache.catalina.core.ApplicationFilterChain.internalDoFilter(ApplicationFilterChain.java:241)
	at org.apache.catalina.core.ApplicationFilterChain.doFilter(ApplicationFilterChain.java:208)
	at org.springframework.web.filter.OncePerRequestFilter.doFilter(OncePerRequestFilter.java:100)
	at org.apache.catalina.core.ApplicationFilterChain.internalDoFilter(ApplicationFilterChain.java:241)
	at org.apache.catalina.core.ApplicationFilterChain.doFilter(ApplicationFilterChain.java:208)
	at org.springframework.web.filter.OncePerRequestFilter.doFilter(OncePerRequestFilter.java:100)
	at org.apache.catalina.core.ApplicationFilterChain.internalDoFilter(ApplicationFilterChain.java:241)
	at org.apache.catalina.core.ApplicationFilterChain.doFilter(ApplicationFilterChain.java:208)
	at org.apache.catalina.core.ApplicationDispatcher.invoke(ApplicationDispatcher.java:748)
	at org.apache.catalina.core.ApplicationDispatcher.processRequest(ApplicationDispatcher.java:486)
	at org.apache.catalina.core.ApplicationDispatcher.doForward(ApplicationDispatcher.java:411)
	at org.apache.catalina.core.ApplicationDispatcher.forward(ApplicationDispatcher.java:338)
	at org.codehaus.groovy.grails.web.util.WebUtils.forwardRequestForUrlMappingInfo(WebUtils.java:332)
	at org.codehaus.groovy.grails.web.util.WebUtils.forwardRequestForUrlMappingInfo(WebUtils.java:297)
	at org.codehaus.groovy.grails.web.util.WebUtils.forwardRequestForUrlMappingInfo(WebUtils.java:288)
	at org.codehaus.groovy.grails.web.mapping.filter.UrlMappingsFilter.doFilterInternal(UrlMappingsFilter.java:217)
	at org.springframework.web.filter.OncePerRequestFilter.doFilter(OncePerRequestFilter.java:106)
	at org.apache.catalina.core.ApplicationFilterChain.internalDoFilter(ApplicationFilterChain.java:241)
	at org.apache.catalina.core.ApplicationFilterChain.doFilter(ApplicationFilterChain.java:208)
	at org.codehaus.groovy.grails.web.sitemesh.GrailsPageFilter.executeFilterChainWithWrappedResponse(GrailsPageFilter.java:233)
	at org.codehaus.groovy.grails.web.sitemesh.GrailsPageFilter.obtainContent(GrailsPageFilter.java:208)
	at org.codehaus.groovy.grails.web.sitemesh.GrailsPageFilter.doFilter(GrailsPageFilter.java:153)
	at org.apache.catalina.core.ApplicationFilterChain.internalDoFilter(ApplicationFilterChain.java:241)
	at org.apache.catalina.core.ApplicationFilterChain.doFilter(ApplicationFilterChain.java:208)
	at javax.servlet.FilterChain$doFilter.call(Unknown Source)
	at org.grails.plugin.resource.DevModeSanityFilter.doFilter(DevModeSanityFilter.groovy:45)
	at org.apache.catalina.core.ApplicationFilterChain.internalDoFilter(ApplicationFilterChain.java:241)
	at org.apache.catalina.core.ApplicationFilterChain.doFilter(ApplicationFilterChain.java:208)
	at org.codehaus.groovy.grails.web.servlet.mvc.GrailsWebRequestFilter.doFilterInternal(GrailsWebRequestFilter.java:69)
	at org.springframework.web.filter.OncePerRequestFilter.doFilter(OncePerRequestFilter.java:106)
	at org.apache.catalina.core.ApplicationFilterChain.internalDoFilter(ApplicationFilterChain.java:241)
	at org.apache.catalina.core.ApplicationFilterChain.doFilter(ApplicationFilterChain.java:208)
	at org.codehaus.groovy.grails.web.filters.HiddenHttpMethodFilter.doFilterInternal(HiddenHttpMethodFilter.java:67)
	at org.springframework.web.filter.OncePerRequestFilter.doFilter(OncePerRequestFilter.java:106)
	at org.apache.catalina.core.ApplicationFilterChain.internalDoFilter(ApplicationFilterChain.java:241)
	at org.apache.catalina.core.ApplicationFilterChain.doFilter(ApplicationFilterChain.java:208)
	at org.springframework.web.filter.CharacterEncodingFilter.doFilterInternal(CharacterEncodingFilter.java:88)
	at org.springframework.web.filter.OncePerRequestFilter.doFilter(OncePerRequestFilter.java:106)
	at org.springframework.web.filter.DelegatingFilterProxy.invokeDelegate(DelegatingFilterProxy.java:343)
	at org.springframework.web.filter.DelegatingFilterProxy.doFilter(DelegatingFilterProxy.java:260)
	at org.apache.catalina.core.ApplicationFilterChain.internalDoFilter(ApplicationFilterChain.java:241)
	at org.apache.catalina.core.ApplicationFilterChain.doFilter(ApplicationFilterChain.java:208)
	at org.apache.catalina.core.StandardWrapperValve.invoke(StandardWrapperValve.java:220)
	at org.apache.catalina.core.StandardContextValve.invoke(StandardContextValve.java:122)
	at org.apache.catalina.core.StandardHostValve.invoke(StandardHostValve.java:170)
	at org.apache.catalina.valves.ErrorReportValve.invoke(ErrorReportValve.java:98)
	at org.apache.catalina.core.StandardEngineValve.invoke(StandardEngineValve.java:116)
	at org.apache.catalina.connector.CoyoteAdapter.service(CoyoteAdapter.java:408)
	at org.apache.coyote.http11.AbstractHttp11Processor.process(AbstractHttp11Processor.java:1040)
	at org.apache.coyote.AbstractProtocol$AbstractConnectionHandler.process(AbstractProtocol.java:607)
	at org.apache.tomcat.util.net.JIoEndpoint$SocketProcessor.run(JIoEndpoint.java:315)
	at java.util.concurrent.ThreadPoolExecutor.runWorker(ThreadPoolExecutor.java:1145)
	at java.util.concurrent.ThreadPoolExecutor$Worker.run(ThreadPoolExecutor.java:615)
	at java.lang.Thread.run(Thread.java:745)
2015-10-12 09:45:27,737 [http-bio-8080-exec-9] ERROR StackTrace  - Full Stack Trace:
grails.validation.ValidationException: Validation Error(s) occurred during save():
- Field error in object 'practicagroovygrails1.Persona' on field 'email': rejected value [sdf]; codes [practicagroovygrails1.Persona.email.email.error.practicagroovygrails1.Persona.email,practicagroovygrails1.Persona.email.email.error.email,practicagroovygrails1.Persona.email.email.error.java.lang.String,practicagroovygrails1.Persona.email.email.error,persona.email.email.error.practicagroovygrails1.Persona.email,persona.email.email.error.email,persona.email.email.error.java.lang.String,persona.email.email.error,practicagroovygrails1.Persona.email.email.invalid.practicagroovygrails1.Persona.email,practicagroovygrails1.Persona.email.email.invalid.email,practicagroovygrails1.Persona.email.email.invalid.java.lang.String,practicagroovygrails1.Persona.email.email.invalid,persona.email.email.invalid.practicagroovygrails1.Persona.email,persona.email.email.invalid.email,persona.email.email.invalid.java.lang.String,persona.email.email.invalid,email.invalid.practicagroovygrails1.Persona.email,email.invalid.email,email.invalid.java.lang.String,email.invalid]; arguments [email,class practicagroovygrails1.Persona,sdf]; default message [La propiedad [{0}] de la clase [{1}] con valor [{2}] no es una dirección de correo electrónico válida]

	at practicagroovygrails1.PersonaService.$tt__guardarPersona(PersonaService.groovy:25)
	at practicagroovygrails1.PersonaController.guardar(PersonaController.groovy:19)
	at grails.plugin.cache.web.filter.PageFragmentCachingFilter.doFilter(PageFragmentCachingFilter.java:198)
	at grails.plugin.cache.web.filter.AbstractFilter.doFilter(AbstractFilter.java:63)
	at java.util.concurrent.ThreadPoolExecutor.runWorker(ThreadPoolExecutor.java:1145)
	at java.util.concurrent.ThreadPoolExecutor$Worker.run(ThreadPoolExecutor.java:615)
	at java.lang.Thread.run(Thread.java:745)
2015-10-12 09:45:27,777 [http-bio-8080-exec-9] ERROR StackTrace  - Full Stack Trace:
grails.validation.ValidationException: Validation Error(s) occurred during save():
- Field error in object 'practicagroovygrails1.Persona' on field 'email': rejected value [sdf]; codes [practicagroovygrails1.Persona.email.email.error.practicagroovygrails1.Persona.email,practicagroovygrails1.Persona.email.email.error.email,practicagroovygrails1.Persona.email.email.error.java.lang.String,practicagroovygrails1.Persona.email.email.error,persona.email.email.error.practicagroovygrails1.Persona.email,persona.email.email.error.email,persona.email.email.error.java.lang.String,persona.email.email.error,practicagroovygrails1.Persona.email.email.invalid.practicagroovygrails1.Persona.email,practicagroovygrails1.Persona.email.email.invalid.email,practicagroovygrails1.Persona.email.email.invalid.java.lang.String,practicagroovygrails1.Persona.email.email.invalid,persona.email.email.invalid.practicagroovygrails1.Persona.email,persona.email.email.invalid.email,persona.email.email.invalid.java.lang.String,persona.email.email.invalid,email.invalid.practicagroovygrails1.Persona.email,email.invalid.email,email.invalid.java.lang.String,email.invalid]; arguments [email,class practicagroovygrails1.Persona,sdf]; default message [La propiedad [{0}] de la clase [{1}] con valor [{2}] no es una dirección de correo electrónico válida]

	at practicagroovygrails1.PersonaService.$tt__guardarPersona(PersonaService.groovy:25)
	at practicagroovygrails1.PersonaController.guardar(PersonaController.groovy:19)
	at grails.plugin.cache.web.filter.PageFragmentCachingFilter.doFilter(PageFragmentCachingFilter.java:198)
	at grails.plugin.cache.web.filter.AbstractFilter.doFilter(AbstractFilter.java:63)
	at java.util.concurrent.ThreadPoolExecutor.runWorker(ThreadPoolExecutor.java:1145)
	at java.util.concurrent.ThreadPoolExecutor$Worker.run(ThreadPoolExecutor.java:615)
	at java.lang.Thread.run(Thread.java:745)
2015-10-12 09:45:27,778 [http-bio-8080-exec-9] ERROR StackTrace  - Full Stack Trace:
grails.validation.ValidationException: Validation Error(s) occurred during save():
- Field error in object 'practicagroovygrails1.Persona' on field 'email': rejected value [sdf]; codes [practicagroovygrails1.Persona.email.email.error.practicagroovygrails1.Persona.email,practicagroovygrails1.Persona.email.email.error.email,practicagroovygrails1.Persona.email.email.error.java.lang.String,practicagroovygrails1.Persona.email.email.error,persona.email.email.error.practicagroovygrails1.Persona.email,persona.email.email.error.email,persona.email.email.error.java.lang.String,persona.email.email.error,practicagroovygrails1.Persona.email.email.invalid.practicagroovygrails1.Persona.email,practicagroovygrails1.Persona.email.email.invalid.email,practicagroovygrails1.Persona.email.email.invalid.java.lang.String,practicagroovygrails1.Persona.email.email.invalid,persona.email.email.invalid.practicagroovygrails1.Persona.email,persona.email.email.invalid.email,persona.email.email.invalid.java.lang.String,persona.email.email.invalid,email.invalid.practicagroovygrails1.Persona.email,email.invalid.email,email.invalid.java.lang.String,email.invalid]; arguments [email,class practicagroovygrails1.Persona,sdf]; default message [La propiedad [{0}] de la clase [{1}] con valor [{2}] no es una dirección de correo electrónico válida]

	at practicagroovygrails1.PersonaService.$tt__guardarPersona(PersonaService.groovy:25)
	at practicagroovygrails1.PersonaController.guardar(PersonaController.groovy:19)
	at grails.plugin.cache.web.filter.PageFragmentCachingFilter.doFilter(PageFragmentCachingFilter.java:198)
	at grails.plugin.cache.web.filter.AbstractFilter.doFilter(AbstractFilter.java:63)
	at java.util.concurrent.ThreadPoolExecutor.runWorker(ThreadPoolExecutor.java:1145)
	at java.util.concurrent.ThreadPoolExecutor$Worker.run(ThreadPoolExecutor.java:615)
	at java.lang.Thread.run(Thread.java:745)
2015-10-12 09:45:27,778 [http-bio-8080-exec-9] ERROR StackTrace  - Full Stack Trace:
grails.validation.ValidationException: Validation Error(s) occurred during save():
- Field error in object 'practicagroovygrails1.Persona' on field 'email': rejected value [sdf]; codes [practicagroovygrails1.Persona.email.email.error.practicagroovygrails1.Persona.email,practicagroovygrails1.Persona.email.email.error.email,practicagroovygrails1.Persona.email.email.error.java.lang.String,practicagroovygrails1.Persona.email.email.error,persona.email.email.error.practicagroovygrails1.Persona.email,persona.email.email.error.email,persona.email.email.error.java.lang.String,persona.email.email.error,practicagroovygrails1.Persona.email.email.invalid.practicagroovygrails1.Persona.email,practicagroovygrails1.Persona.email.email.invalid.email,practicagroovygrails1.Persona.email.email.invalid.java.lang.String,practicagroovygrails1.Persona.email.email.invalid,persona.email.email.invalid.practicagroovygrails1.Persona.email,persona.email.email.invalid.email,persona.email.email.invalid.java.lang.String,persona.email.email.invalid,email.invalid.practicagroovygrails1.Persona.email,email.invalid.email,email.invalid.java.lang.String,email.invalid]; arguments [email,class practicagroovygrails1.Persona,sdf]; default message [La propiedad [{0}] de la clase [{1}] con valor [{2}] no es una dirección de correo electrónico válida]

	at practicagroovygrails1.PersonaService.$tt__guardarPersona(PersonaService.groovy:25)
	at practicagroovygrails1.PersonaController.guardar(PersonaController.groovy:19)
	at grails.plugin.cache.web.filter.PageFragmentCachingFilter.doFilter(PageFragmentCachingFilter.java:198)
	at grails.plugin.cache.web.filter.AbstractFilter.doFilter(AbstractFilter.java:63)
	at java.util.concurrent.ThreadPoolExecutor.runWorker(ThreadPoolExecutor.java:1145)
	at java.util.concurrent.ThreadPoolExecutor$Worker.run(ThreadPoolExecutor.java:615)
	at java.lang.Thread.run(Thread.java:745)
2015-10-12 09:45:27,778 [http-bio-8080-exec-9] ERROR StackTrace  - Full Stack Trace:
grails.validation.ValidationException: Validation Error(s) occurred during save():
- Field error in object 'practicagroovygrails1.Persona' on field 'email': rejected value [sdf]; codes [practicagroovygrails1.Persona.email.email.error.practicagroovygrails1.Persona.email,practicagroovygrails1.Persona.email.email.error.email,practicagroovygrails1.Persona.email.email.error.java.lang.String,practicagroovygrails1.Persona.email.email.error,persona.email.email.error.practicagroovygrails1.Persona.email,persona.email.email.error.email,persona.email.email.error.java.lang.String,persona.email.email.error,practicagroovygrails1.Persona.email.email.invalid.practicagroovygrails1.Persona.email,practicagroovygrails1.Persona.email.email.invalid.email,practicagroovygrails1.Persona.email.email.invalid.java.lang.String,practicagroovygrails1.Persona.email.email.invalid,persona.email.email.invalid.practicagroovygrails1.Persona.email,persona.email.email.invalid.email,persona.email.email.invalid.java.lang.String,persona.email.email.invalid,email.invalid.practicagroovygrails1.Persona.email,email.invalid.email,email.invalid.java.lang.String,email.invalid]; arguments [email,class practicagroovygrails1.Persona,sdf]; default message [La propiedad [{0}] de la clase [{1}] con valor [{2}] no es una dirección de correo electrónico válida]

	at practicagroovygrails1.PersonaService.$tt__guardarPersona(PersonaService.groovy:25)
	at practicagroovygrails1.PersonaController.guardar(PersonaController.groovy:19)
	at grails.plugin.cache.web.filter.PageFragmentCachingFilter.doFilter(PageFragmentCachingFilter.java:198)
	at grails.plugin.cache.web.filter.AbstractFilter.doFilter(AbstractFilter.java:63)
	at java.util.concurrent.ThreadPoolExecutor.runWorker(ThreadPoolExecutor.java:1145)
	at java.util.concurrent.ThreadPoolExecutor$Worker.run(ThreadPoolExecutor.java:615)
	at java.lang.Thread.run(Thread.java:745)
